[debug] [2025-04-13T17:44:30.551Z] ----------------------------------------------------------------------
[debug] [2025-04-13T17:44:30.553Z] Command:       C:\nvm4w\nodej\nodejs\node.exe C:\nvm4w\nodej\nodejs\node_modules\firebase-tools\lib\bin\firebase.js init
[debug] [2025-04-13T17:44:30.553Z] CLI Version:   13.35.1
[debug] [2025-04-13T17:44:30.553Z] Platform:      win32
[debug] [2025-04-13T17:44:30.554Z] Node Version:  v18.20.7
[debug] [2025-04-13T17:44:30.554Z] Time:          Mon Apr 14 2025 01:44:30 GMT+0800 (Philippine Standard Time)
[debug] [2025-04-13T17:44:30.554Z] ----------------------------------------------------------------------
[debug] 
[debug] [2025-04-13T17:44:30.571Z] >>> [apiv2][query] GET https://firebase-public.firebaseio.com/cli.json [none]
[debug] [2025-04-13T17:44:30.619Z] > command requires scopes: ["email","openid","https://www.googleapis.com/auth/cloudplatformprojects.readonly","https://www.googleapis.com/auth/firebase","https://www.googleapis.com/auth/cloud-platform"]
[debug] [2025-04-13T17:44:30.620Z] > authorizing via signed-in user (novabossonjen@gmail.com)
[info] 
     ######## #### ########  ######## ########     ###     ######  ########
     ##        ##  ##     ## ##       ##     ##  ##   ##  ##       ##
     ######    ##  ########  ######   ########  #########  ######  ######
     ##        ##  ##    ##  ##       ##     ## ##     ##       ## ##
     ##       #### ##     ## ######## ########  ##     ##  ######  ########

You're about to initialize a Firebase project in this directory:

  C:\Users\Jclop\Videos\4th Year\CobConnectApp\CobConnect(03-23-2025)2\CobConnectApp

[debug] [2025-04-13T17:44:31.124Z] <<< [apiv2][status] GET https://firebase-public.firebaseio.com/cli.json 200
[debug] [2025-04-13T17:44:31.125Z] <<< [apiv2][body] GET https://firebase-public.firebaseio.com/cli.json {"cloudBuildErrorAfter":1594252800000,"cloudBuildWarnAfter":1590019200000,"defaultNode10After":1594252800000,"minVersion":"3.0.5","node8DeploysDisabledAfter":1613390400000,"node8RuntimeDisabledAfter":1615809600000,"node8WarnAfter":1600128000000}
[info] 
=== Project Setup
[info] 
[info] First, let's associate this project directory with a Firebase project.
[info] You can create multiple project aliases by running firebase use --add, 
[info] but for now we'll just set up a default project.
[info] 
[debug] [2025-04-13T17:44:43.730Z] Checked if tokens are valid: false, expires at: 1739527671029
[debug] [2025-04-13T17:44:43.731Z] Checked if tokens are valid: false, expires at: 1739527671029
[debug] [2025-04-13T17:44:43.731Z] > refreshing access token with scopes: []
[debug] [2025-04-13T17:44:43.732Z] >>> [apiv2][query] POST https://www.googleapis.com/oauth2/v3/token [none]
[debug] [2025-04-13T17:44:43.732Z] >>> [apiv2][body] POST https://www.googleapis.com/oauth2/v3/token [omitted]
[debug] [2025-04-13T17:44:43.988Z] <<< [apiv2][status] POST https://www.googleapis.com/oauth2/v3/token 200
[debug] [2025-04-13T17:44:43.988Z] <<< [apiv2][body] POST https://www.googleapis.com/oauth2/v3/token [omitted]
[debug] [2025-04-13T17:44:44.006Z] >>> [apiv2][query] GET https://firebase.googleapis.com/v1beta1/projects pageSize=100
[debug] [2025-04-13T17:44:44.912Z] <<< [apiv2][status] GET https://firebase.googleapis.com/v1beta1/projects 200
[debug] [2025-04-13T17:44:44.912Z] <<< [apiv2][body] GET https://firebase.googleapis.com/v1beta1/projects [omitted]
